[debug] [2021-01-24T16:19:37.429Z] ----------------------------------------------------------------------
[debug] [2021-01-24T16:19:37.429Z] Command:       /opt/homebrew/Cellar/node/15.6.0/bin/node /usr/local/bin/firebase deploy
[debug] [2021-01-24T16:19:37.430Z] CLI Version:   8.7.0
[debug] [2021-01-24T16:19:37.430Z] Platform:      darwin
[debug] [2021-01-24T16:19:37.430Z] Node Version:  v15.6.0
[debug] [2021-01-24T16:19:37.430Z] Time:          Sun Jan 24 2021 16:19:37 GMT+0000 (Greenwich Mean Time)
[debug] [2021-01-24T16:19:37.430Z] ----------------------------------------------------------------------
[debug] [2021-01-24T16:19:37.430Z] 
[debug] [2021-01-24T16:19:37.434Z] > command requires scopes: ["email","openid","https://www.googleapis.com/auth/cloudplatformprojects.readonly","https://www.googleapis.com/auth/firebase","https://www.googleapis.com/auth/cloud-platform"]
[debug] [2021-01-24T16:19:37.434Z] > authorizing via signed-in user
[debug] [2021-01-24T16:19:37.434Z] [iam] checking project project-site-69e46 for permissions ["firebase.projects.get","firebasehosting.sites.update"]
[debug] [2021-01-24T16:19:37.436Z] > refreshing access token with scopes: ["email","https://www.googleapis.com/auth/cloud-platform","https://www.googleapis.com/auth/cloudplatformprojects.readonly","https://www.googleapis.com/auth/firebase","openid"]
[debug] [2021-01-24T16:19:37.436Z] >>> HTTP REQUEST POST https://www.googleapis.com/oauth2/v3/token  
 <request body omitted>
[debug] [2021-01-24T16:19:37.599Z] <<< HTTP RESPONSE 200 {"date":"Sun, 24 Jan 2021 16:19:37 GMT","pragma":"no-cache","expires":"Mon, 01 Jan 1990 00:00:00 GMT","cache-control":"no-cache, no-store, max-age=0, must-revalidate","content-type":"application/json; charset=utf-8","vary":"X-Origin, Referer, Origin,Accept-Encoding","server":"scaffolding on HTTPServer2","x-xss-protection":"0","x-frame-options":"SAMEORIGIN","x-content-type-options":"nosniff","alt-svc":"h3-29=\":443\"; ma=2592000,h3-T051=\":443\"; ma=2592000,h3-Q050=\":443\"; ma=2592000,h3-Q046=\":443\"; ma=2592000,h3-Q043=\":443\"; ma=2592000,quic=\":443\"; ma=2592000; v=\"46,43\"","accept-ranges":"none","transfer-encoding":"chunked"}
[debug] [2021-01-24T16:19:37.619Z] >>> HTTP REQUEST POST https://cloudresourcemanager.googleapis.com/v1/projects/project-site-69e46:testIamPermissions  
 {"permissions":["firebase.projects.get","firebasehosting.sites.update"]}
[debug] [2021-01-24T16:19:38.283Z] <<< HTTP RESPONSE 200 {"content-type":"application/json; charset=UTF-8","vary":"X-Origin, Referer, Origin,Accept-Encoding","date":"Sun, 24 Jan 2021 16:19:38 GMT","server":"ESF","cache-control":"private","x-xss-protection":"0","x-frame-options":"SAMEORIGIN","x-content-type-options":"nosniff","server-timing":"gfet4t7; dur=545","alt-svc":"h3-29=\":443\"; ma=2592000,h3-T051=\":443\"; ma=2592000,h3-Q050=\":443\"; ma=2592000,h3-Q046=\":443\"; ma=2592000,h3-Q043=\":443\"; ma=2592000,quic=\":443\"; ma=2592000; v=\"46,43\"","accept-ranges":"none","transfer-encoding":"chunked"}
[debug] [2021-01-24T16:19:38.285Z] >>> HTTP REQUEST GET https://firebase.googleapis.com/v1beta1/projects/project-site-69e46  
 
[debug] [2021-01-24T16:19:38.553Z] <<< HTTP RESPONSE 200 {"content-type":"application/json; charset=UTF-8","vary":"X-Origin, Referer, Origin,Accept-Encoding","date":"Sun, 24 Jan 2021 16:19:38 GMT","server":"ESF","cache-control":"private","x-xss-protection":"0","x-frame-options":"SAMEORIGIN","x-content-type-options":"nosniff","alt-svc":"h3-29=\":443\"; ma=2592000,h3-T051=\":443\"; ma=2592000,h3-Q050=\":443\"; ma=2592000,h3-Q046=\":443\"; ma=2592000,h3-Q043=\":443\"; ma=2592000,quic=\":443\"; ma=2592000; v=\"46,43\"","accept-ranges":"none","transfer-encoding":"chunked"}
[info] 
[info] === Deploying to 'project-site-69e46'...
[info] 
[info] i  deploying hosting 
[debug] [2021-01-24T16:19:38.557Z] >>> HTTP REQUEST POST https://firebasehosting.googleapis.com/v1beta1/sites/project-site-69e46/versions  
 {"config":{"rewrites":[{"glob":"**","path":"/index.html"}]},"labels":{"deployment-tool":"cli-firebase"}}
[debug] [2021-01-24T16:19:39.994Z] <<< HTTP RESPONSE 200 {"content-type":"application/json; charset=UTF-8","vary":"X-Origin, Referer, Origin,Accept-Encoding","date":"Sun, 24 Jan 2021 16:19:39 GMT","server":"ESF","cache-control":"private","x-xss-protection":"0","x-frame-options":"SAMEORIGIN","x-content-type-options":"nosniff","alt-svc":"h3-29=\":443\"; ma=2592000,h3-T051=\":443\"; ma=2592000,h3-Q050=\":443\"; ma=2592000,h3-Q046=\":443\"; ma=2592000,h3-Q043=\":443\"; ma=2592000,quic=\":443\"; ma=2592000; v=\"46,43\"","accept-ranges":"none","transfer-encoding":"chunked"}
[info] i  hosting[project-site-69e46]: beginning deploy... 
[info] i  hosting[project-site-69e46]: found 49 files in dist/spa 
[debug] [2021-01-24T16:19:40.080Z] [hosting] hash cache [ZGlzdC9zcGE] stored for 49 files
[debug] [2021-01-24T16:19:40.081Z] [hosting][hash queue][FINAL] {"max":57,"min":12,"avg":34.06122448979592,"active":0,"complete":49,"success":49,"errored":0,"retried":0,"total":49,"elapsed":66}
[debug] [2021-01-24T16:19:40.081Z] >>> HTTP REQUEST POST https://firebasehosting.googleapis.com/v1beta1/sites/project-site-69e46/versions/e440eae7cb55fddc:populateFiles  
 <request body omitted>
[debug] [2021-01-24T16:19:41.182Z] <<< HTTP RESPONSE 200 {"content-type":"application/json; charset=UTF-8","vary":"X-Origin, Referer, Origin,Accept-Encoding","date":"Sun, 24 Jan 2021 16:19:41 GMT","server":"ESF","cache-control":"private","x-xss-protection":"0","x-frame-options":"SAMEORIGIN","x-content-type-options":"nosniff","alt-svc":"h3-29=\":443\"; ma=2592000,h3-T051=\":443\"; ma=2592000,h3-Q050=\":443\"; ma=2592000,h3-Q046=\":443\"; ma=2592000,h3-Q043=\":443\"; ma=2592000,quic=\":443\"; ma=2592000; v=\"46,43\"","accept-ranges":"none","transfer-encoding":"chunked"}
[debug] [2021-01-24T16:19:41.187Z] [hosting][populate queue][FINAL] {"max":1104,"min":1104,"avg":1104,"active":0,"complete":1,"success":1,"errored":0,"retried":0,"total":1,"elapsed":1107}
[debug] [2021-01-24T16:19:41.187Z] [hosting] uploads queued: 3
